<?xml version="1.0" encoding="UTF-8"?>
<!-- Generated by org.testng.reporters.JUnitXMLReporter -->
<testsuite hostname="LAPTOP-CP7G377U" ignored="0" name="EmpTests" tests="5" failures="0" timestamp="2021-06-09T22:52:44 IST" time="109.265" errors="0">
  <testcase name="login" time="18.889" classname="com.suycorp.tests.EmpTests"/>
  <testcase name="addEmps" time="17.879" classname="com.suycorp.tests.EmpTests"/>
  <testcase name="editAddedEmpAndVerify" time="38.601" classname="com.suycorp.tests.EmpTests"/>
  <testcase name="delAddedEmps" time="22.574" classname="com.suycorp.tests.EmpTests"/>
  <testcase name="delMultiEmp" time="4.642" classname="com.suycorp.tests.EmpTests"/>
</testsuite> <!-- EmpTests -->
